TN:
SF:app.js
FNF:0
FNH:0
DA:1,1
DA:2,1
DA:3,1
DA:4,1
DA:5,1
DA:6,1
DA:7,1
DA:8,1
DA:9,1
DA:10,1
DA:11,1
DA:12,1
DA:13,1
DA:14,1
DA:15,1
DA:16,1
DA:17,1
DA:18,1
DA:19,7
DA:20,7
DA:21,7
DA:22,7
DA:23,7
DA:24,7
DA:25,7
DA:26,7
DA:27,1
DA:28,1
LF:28
LH:28
BRDA:13,0,0,1
BRDA:18,1,0,7
BRF:2
BRH:2
end_of_record
TN:
SF:src/controllers/users.js
FN:6,findUser
FN:14,createUser
FN:41,getUserById
FN:53,updateUser
FN:79,deactivateUser
FNF:5
FNH:5
FNDA:8,findUser
FNDA:3,createUser
FNDA:3,getUserById
FNDA:3,updateUser
FNDA:2,deactivateUser
DA:1,1
DA:2,1
DA:3,1
DA:4,1
DA:5,1
DA:6,1
DA:7,8
DA:8,8
DA:9,4
DA:10,4
DA:11,4
DA:12,4
DA:13,1
DA:14,1
DA:15,3
DA:16,3
DA:17,3
DA:18,3
DA:19,1
DA:20,1
DA:21,2
DA:22,2
DA:23,2
DA:24,2
DA:25,2
DA:26,2
DA:27,2
DA:28,2
DA:29,3
DA:30,1
DA:31,1
DA:32,1
DA:33,1
DA:34,1
DA:35,1
DA:36,3
DA:37,2
DA:38,2
DA:39,3
DA:40,1
DA:41,1
DA:42,3
DA:43,3
DA:44,3
DA:45,3
DA:46,1
DA:47,1
DA:48,3
DA:49,2
DA:50,2
DA:51,3
DA:52,1
DA:53,1
DA:54,3
DA:55,3
DA:56,3
DA:57,3
DA:58,2
DA:59,2
DA:60,2
DA:61,2
DA:62,2
DA:63,2
DA:64,2
DA:65,3
DA:66,1
DA:67,1
DA:68,1
DA:69,1
DA:70,1
DA:71,1
DA:72,1
DA:73,1
DA:74,3
DA:75,2
DA:76,2
DA:77,3
DA:78,1
DA:79,1
DA:80,2
DA:81,2
DA:82,2
DA:83,2
DA:84,1
DA:85,1
DA:86,1
DA:87,1
DA:88,1
DA:89,1
DA:90,1
DA:91,1
DA:92,1
DA:93,2
DA:94,1
DA:95,1
DA:96,1
DA:97,1
DA:98,1
DA:99,1
DA:100,1
LF:100
LH:100
BRDA:6,0,0,8
BRDA:8,1,0,4
BRDA:14,2,0,3
BRDA:18,3,0,1
BRDA:21,4,0,2
BRDA:29,5,0,1
BRDA:36,6,0,2
BRDA:29,7,0,5
BRDA:41,8,0,3
BRDA:45,9,0,1
BRDA:48,10,0,2
BRDA:53,11,0,3
BRDA:57,12,0,2
BRDA:65,13,0,1
BRDA:74,14,0,2
BRDA:65,15,0,4
BRDA:79,16,0,2
BRDA:83,17,0,1
BRF:18
BRH:18
end_of_record
TN:
SF:src/routes/users.js
FNF:0
FNH:0
DA:1,1
DA:2,1
DA:3,1
DA:4,1
DA:5,1
DA:6,1
DA:7,1
DA:8,1
DA:9,1
DA:10,1
DA:11,1
DA:12,1
DA:13,1
DA:14,1
DA:15,1
DA:16,1
DA:17,1
DA:18,1
LF:18
LH:18
BRF:0
BRH:0
end_of_record
TN:
SF:src/serializers/BaseSerializer.js
FN:2,BaseSerializer
FN:7,toJSON
FNF:2
FNH:2
FNDA:11,BaseSerializer
FNDA:11,toJSON
DA:1,1
DA:2,1
DA:3,11
DA:4,11
DA:5,11
DA:6,1
DA:7,1
DA:8,11
DA:9,11
DA:10,11
DA:11,11
DA:12,11
DA:13,1
DA:14,1
DA:15,1
LF:15
LH:15
BRDA:2,0,0,11
BRDA:7,1,0,11
BRF:2
BRH:2
end_of_record
TN:
SF:src/serializers/UserSerializer.js
FN:4,UserSerializer
FNF:1
FNH:1
FNDA:4,UserSerializer
DA:1,1
DA:2,1
DA:3,1
DA:4,1
DA:5,4
DA:6,4
DA:7,4
DA:8,4
DA:9,4
DA:10,4
DA:11,4
DA:12,1
DA:13,1
DA:14,1
LF:14
LH:14
BRDA:4,0,0,4
BRDA:5,1,0,3
BRDA:5,2,0,1
BRDA:7,3,0,3
BRDA:8,4,0,3
BRF:5
BRH:5
end_of_record
TN:
SF:src/utils/ApiError.js
FN:2,ApiError
FNF:1
FNH:1
FNDA:7,ApiError
DA:1,1
DA:2,1
DA:3,7
DA:4,7
DA:5,7
DA:6,1
DA:7,1
DA:8,1
LF:8
LH:8
BRDA:2,0,0,7
BRF:1
BRH:1
end_of_record
